<?xml version="1.0" encoding="UTF-8"?>
<!-- Generated by org.testng.reporters.JUnitReportReporter -->
<testsuite name="testSuite.LandingPage" tests="2" time="1223.567" ignored="0" failures="0" timestamp="02 Jun 2017 12:33:44 GMT" skipped="0" hostname="II5MACMINI-04.local" errors="0">
  <testcase name="testLandingPage" time="457.247" classname="testSuite.LandingPage"/>
  <testcase name="testLandingPage" time="766.320" classname="testSuite.LandingPage"/>
</testsuite> <!-- testSuite.LandingPage -->
