<?xml version="1.0" encoding="UTF-8"?>
<!-- Generated by org.testng.reporters.JUnitReportReporter -->
<testsuite name="testSuite.LandingPage" tests="1" time="421.960" ignored="0" failures="0" timestamp="09 May 2017 13:19:10 GMT" skipped="0" hostname="II5MACMINI-04.local" errors="0">
  <testcase name="testLandingPage" time="421.960" classname="testSuite.LandingPage"/>
</testsuite> <!-- testSuite.LandingPage -->
