<?xml version="1.0" encoding="UTF-8"?>
<!-- Generated by org.testng.reporters.JUnitReportReporter -->
<testsuite name="testSuite.DemoTest" tests="1" time="6.113" ignored="0" failures="0" timestamp="11 Apr 2017 08:34:33 GMT" skipped="0" hostname="II5MACMINI-04.local" errors="0">
  <testcase name="testSimple" time="6.113" classname="testSuite.DemoTest"/>
</testsuite> <!-- testSuite.DemoTest -->
