<?xml version="1.0" encoding="UTF-8"?>
<!-- Generated by org.testng.reporters.JUnitReportReporter -->
<testsuite name="testSuite.LandingPage" tests="1" time="756.523" ignored="0" failures="0" timestamp="25 May 2017 13:10:59 GMT" skipped="0" hostname="II5MACMINI-04.local" errors="0">
  <testcase name="testLandingPage" time="756.523" classname="testSuite.LandingPage"/>
</testsuite> <!-- testSuite.LandingPage -->
