<?xml version="1.0" encoding="UTF-8"?>
<!-- Generated by org.testng.reporters.JUnitReportReporter -->
<testsuite name="testSuite.LandingPage" tests="1" time="612.451" ignored="0" failures="0" timestamp="16 May 2017 16:54:53 GMT" skipped="0" hostname="COD-PC" errors="0">
  <testcase name="testLandingPage" time="612.451" classname="testSuite.LandingPage"/>
</testsuite> <!-- testSuite.LandingPage -->
