<?xml version="1.0" encoding="UTF-8"?>
<!-- Generated by org.testng.reporters.JUnitReportReporter -->
<testsuite name="testSuite.LandingPage" tests="5" time="2175.484" ignored="0" failures="0" timestamp="21 May 2017 17:25:54 GMT" skipped="0" hostname="COD-PC" errors="0">
  <testcase name="testLandingPage" time="673.977" classname="testSuite.LandingPage"/>
  <testcase name="testLandingPage" time="345.319" classname="testSuite.LandingPage"/>
  <testcase name="testLandingPage" time="236.852" classname="testSuite.LandingPage"/>
  <testcase name="testLandingPage" time="505.587" classname="testSuite.LandingPage"/>
  <testcase name="testLandingPage" time="413.749" classname="testSuite.LandingPage"/>
</testsuite> <!-- testSuite.LandingPage -->
