<?xml version="1.0" encoding="UTF-8"?>
<!-- Generated by org.testng.reporters.JUnitReportReporter -->
<testsuite name="testSuite.LandingPage" tests="1" time="27.885" ignored="0" failures="0" timestamp="11 Apr 2017 12:02:33 GMT" skipped="0" hostname="II5MACMINI-04.local" errors="0">
  <testcase name="testLandingPage" time="27.885" classname="testSuite.LandingPage"/>
</testsuite> <!-- testSuite.LandingPage -->
