<?xml version="1.0" encoding="UTF-8"?>
<!-- Generated by org.testng.reporters.JUnitReportReporter -->
<testsuite name="testSuite.LandingPage" tests="1" time="130.081" ignored="0" failures="0" timestamp="16 May 2017 13:37:46 GMT" skipped="0" hostname="II5MACMINI-04.local" errors="0">
  <testcase name="testLandingPage" time="130.081" classname="testSuite.LandingPage"/>
</testsuite> <!-- testSuite.LandingPage -->
