<?xml version="1.0" encoding="UTF-8"?>
<!-- Generated by org.testng.reporters.JUnitReportReporter -->
<testsuite name="testSuite.LandingPage" tests="1" time="480.056" ignored="0" failures="0" timestamp="26 May 2017 11:54:32 GMT" skipped="0" hostname="II5MACMINI-04.local" errors="0">
  <testcase name="testLandingPage" time="480.056" classname="testSuite.LandingPage"/>
</testsuite> <!-- testSuite.LandingPage -->
