<?xml version="1.0" encoding="UTF-8"?>
<!-- Generated by org.testng.reporters.JUnitReportReporter -->
<testsuite name="testSuite.LandingPage" tests="1" time="694.582" ignored="0" failures="0" timestamp="15 Jun 2017 10:15:57 GMT" skipped="0" hostname="II5MACMINI-04.local" errors="0">
  <testcase name="testLandingPage" time="694.582" classname="testSuite.LandingPage"/>
</testsuite> <!-- testSuite.LandingPage -->
