<?xml version="1.0" encoding="UTF-8"?>
<!-- Generated by org.testng.reporters.JUnitReportReporter -->
<testsuite name="testSuite.LandingPage" tests="3" time="526.321" ignored="0" failures="0" timestamp="28 Apr 2017 07:03:44 GMT" skipped="0" hostname="II5MACMINI-04.local" errors="0">
  <testcase name="testLandingPage" time="292.374" classname="testSuite.LandingPage"/>
  <testcase name="testLandingPage" time="65.507" classname="testSuite.LandingPage"/>
  <testcase name="testLandingPage" time="168.440" classname="testSuite.LandingPage"/>
</testsuite> <!-- testSuite.LandingPage -->
